2025-11-07 09:55:02.551 [restartedMain] INFO  com.softsuave.crud.CrudApplication - Starting CrudApplication using Java 17.0.16 with PID 23460 (C:\Users\softsuave\OneDrive\Desktop\crud\target\classes started by softsuave in C:\Users\softsuave\OneDrive\Desktop\crud)
2025-11-07 09:55:02.606 [restartedMain] INFO  com.softsuave.crud.CrudApplication - No active profile set, falling back to 1 default profile: "default"
2025-11-07 09:55:02.815 [restartedMain] INFO  o.s.b.d.e.DevToolsPropertyDefaultsPostProcessor - Devtools property defaults active! Set 'spring.devtools.add-properties' to 'false' to disable
2025-11-07 09:55:02.817 [restartedMain] INFO  o.s.b.d.e.DevToolsPropertyDefaultsPostProcessor - For additional web related logging consider setting the 'logging.level.web' property to 'DEBUG'
2025-11-07 09:55:05.260 [restartedMain] INFO  o.s.d.r.c.RepositoryConfigurationDelegate - Bootstrapping Spring Data JPA repositories in DEFAULT mode.
2025-11-07 09:55:05.509 [restartedMain] INFO  o.s.d.r.c.RepositoryConfigurationDelegate - Finished Spring Data repository scanning in 201 ms. Found 3 JPA repository interfaces.
2025-11-07 09:55:07.006 [restartedMain] INFO  o.s.b.w.e.tomcat.TomcatWebServer - Tomcat initialized with port 8080 (http)
2025-11-07 09:55:07.025 [restartedMain] INFO  o.a.catalina.core.StandardService - Starting service [Tomcat]
2025-11-07 09:55:07.026 [restartedMain] INFO  o.a.catalina.core.StandardEngine - Starting Servlet engine: [Apache Tomcat/10.1.46]
2025-11-07 09:55:07.133 [restartedMain] INFO  o.a.c.c.C.[Tomcat].[localhost].[/] - Initializing Spring embedded WebApplicationContext
2025-11-07 09:55:07.134 [restartedMain] INFO  o.s.b.w.s.c.ServletWebServerApplicationContext - Root WebApplicationContext: initialization completed in 4290 ms
2025-11-07 09:55:08.049 [restartedMain] INFO  o.h.jpa.internal.util.LogHelper - HHH000204: Processing PersistenceUnitInfo [name: default]
2025-11-07 09:55:08.140 [restartedMain] INFO  org.hibernate.Version - HHH000412: Hibernate ORM core version 6.6.29.Final
2025-11-07 09:55:09.115 [restartedMain] INFO  o.h.c.i.RegionFactoryInitiator - HHH000026: Second-level cache disabled
2025-11-07 09:55:09.993 [restartedMain] INFO  o.s.o.j.p.SpringPersistenceUnitInfo - No LoadTimeWeaver setup: ignoring JPA class transformer
2025-11-07 09:55:10.052 [restartedMain] INFO  com.zaxxer.hikari.HikariDataSource - HikariPool-1 - Starting...
2025-11-07 09:55:10.697 [restartedMain] INFO  com.zaxxer.hikari.pool.HikariPool - HikariPool-1 - Added connection com.mysql.cj.jdbc.ConnectionImpl@6c7bce30
2025-11-07 09:55:10.701 [restartedMain] INFO  com.zaxxer.hikari.HikariDataSource - HikariPool-1 - Start completed.
2025-11-07 09:55:10.873 [restartedMain] INFO  o.hibernate.orm.connections.pooling - HHH10001005: Database info:
	Database JDBC URL [Connecting through datasource 'HikariDataSource (HikariPool-1)']
	Database driver: undefined/unknown
	Database version: 8.0.43
	Autocommit mode: undefined/unknown
	Isolation level: undefined/unknown
	Minimum pool size: undefined/unknown
	Maximum pool size: undefined/unknown
2025-11-07 09:55:13.158 [restartedMain] INFO  o.h.e.t.j.p.i.JtaPlatformInitiator - HHH000489: No JTA platform available (set 'hibernate.transaction.jta.platform' to enable JTA platform integration)
2025-11-07 09:55:13.355 [restartedMain] INFO  o.s.o.j.LocalContainerEntityManagerFactoryBean - Initialized JPA EntityManagerFactory for persistence unit 'default'
2025-11-07 09:55:14.894 [restartedMain] INFO  c.s.crud.configure.SecurityConfigure - Initializing BCryptPasswordEncoder as PasswordEncoder.
2025-11-07 09:55:14.898 [restartedMain] INFO  c.s.crud.configure.SecurityConfigure - Setting up AuthenticationManager with DaoAuthenticationProvider...
2025-11-07 09:55:14.915 [restartedMain] INFO  c.s.crud.configure.SecurityConfigure - AuthenticationManager created successfully using CustomUserDetailsService and BCryptPasswordEncoder.
2025-11-07 09:55:16.299 [restartedMain] WARN  o.s.b.a.o.j.JpaBaseConfiguration$JpaWebConfiguration - spring.jpa.open-in-view is enabled by default. Therefore, database queries may be performed during view rendering. Explicitly configure spring.jpa.open-in-view to disable this warning
2025-11-07 09:55:16.377 [restartedMain] INFO  o.s.b.a.w.s.WelcomePageHandlerMapping - Adding welcome page: class path resource [static/index.html]
2025-11-07 09:55:17.885 [restartedMain] INFO  o.s.b.a.e.web.EndpointLinksResolver - Exposing 6 endpoints beneath base path '/actuator'
2025-11-07 09:55:17.963 [restartedMain] INFO  o.s.s.c.a.a.c.InitializeUserDetailsBeanManagerConfigurer$InitializeUserDetailsManagerConfigurer - Global AuthenticationManager configured with UserDetailsService bean with name customUserDetailsService
2025-11-07 09:55:18.183 [restartedMain] INFO  c.s.crud.configure.SecurityConfigure - Initializing SecurityFilterChain configuration...
2025-11-07 09:55:18.198 [restartedMain] WARN  o.s.s.c.a.w.c.AuthorizeHttpRequestsConfigurer$AuthorizationManagerRequestMatcherRegistry - One of the patterns in [api/validateotp, api/signup, /authenticate, /auth/login] is missing a leading slash. This is discouraged; please include the leading slash in all your request matcher patterns. In future versions of Spring Security, leaving out the leading slash will result in an exception.
2025-11-07 09:55:18.219 [restartedMain] INFO  c.s.crud.configure.SecurityConfigure - SecurityFilterChain setup complete. JWT authentication is active and stateless mode is enabled.
2025-11-07 09:55:19.357 [restartedMain] INFO  o.s.b.d.a.OptionalLiveReloadServer - LiveReload server is running on port 35729
2025-11-07 09:55:19.561 [restartedMain] INFO  o.s.b.w.e.tomcat.TomcatWebServer - Tomcat started on port 8080 (http) with context path '/'
2025-11-07 09:55:19.724 [restartedMain] INFO  com.softsuave.crud.CrudApplication - Started CrudApplication in 18.849 seconds (process running for 20.039)
2025-11-07 09:55:47.159 [http-nio-8080-exec-2] INFO  o.a.c.c.C.[Tomcat].[localhost].[/] - Initializing Spring DispatcherServlet 'dispatcherServlet'
2025-11-07 09:55:47.159 [http-nio-8080-exec-2] INFO  o.s.web.servlet.DispatcherServlet - Initializing Servlet 'dispatcherServlet'
2025-11-07 09:55:47.161 [http-nio-8080-exec-2] INFO  o.s.web.servlet.DispatcherServlet - Completed initialization in 2 ms
2025-11-07 09:55:47.303 [http-nio-8080-exec-2] ERROR c.s.crud.filters.JwtAuthFilter - Failed to extract username from token: JWT expired at 2025-11-03T12:52:04Z. Current time: 2025-11-07T04:25:47Z, a difference of 315223302 milliseconds.  Allowed clock skew: 0 milliseconds.
2025-11-07 09:56:33.829 [http-nio-8080-exec-5] INFO  c.s.crud.filters.JwtAuthFilter - Extracted username 'chaithucheepati' from JWT token.
2025-11-07 09:56:33.880 [http-nio-8080-exec-5] INFO  c.s.crud.filters.JwtAuthFilter - JWT token for user 'chaithucheepati' is valid. Setting authentication context.
2025-11-07 09:58:15.827 [File Watcher] INFO  o.s.b.d.a.LocalDevToolsAutoConfiguration$RestartingClassPathChangeChangedEventListener - Restarting due to 1 class path change (0 additions, 1 deletion, 0 modifications)
2025-11-07 09:58:15.833 [Thread-5] INFO  o.s.b.w.e.tomcat.GracefulShutdown - Commencing graceful shutdown. Waiting for active requests to complete
2025-11-07 09:58:15.942 [tomcat-shutdown] INFO  o.s.b.w.e.tomcat.GracefulShutdown - Graceful shutdown complete
2025-11-07 09:58:15.953 [Thread-5] INFO  o.s.o.j.LocalContainerEntityManagerFactoryBean - Closing JPA EntityManagerFactory for persistence unit 'default'
2025-11-07 09:58:15.964 [Thread-5] INFO  com.zaxxer.hikari.HikariDataSource - HikariPool-1 - Shutdown initiated...
2025-11-07 09:58:15.985 [Thread-5] INFO  com.zaxxer.hikari.HikariDataSource - HikariPool-1 - Shutdown completed.
2025-11-07 09:58:16.396 [restartedMain] INFO  com.softsuave.crud.CrudApplication - Starting CrudApplication using Java 17.0.16 with PID 23460 (C:\Users\softsuave\OneDrive\Desktop\crud\target\classes started by softsuave in C:\Users\softsuave\OneDrive\Desktop\crud)
2025-11-07 09:58:16.397 [restartedMain] INFO  com.softsuave.crud.CrudApplication - No active profile set, falling back to 1 default profile: "default"
2025-11-07 09:58:17.499 [restartedMain] INFO  o.s.d.r.c.RepositoryConfigurationDelegate - Bootstrapping Spring Data JPA repositories in DEFAULT mode.
2025-11-07 09:58:17.528 [restartedMain] INFO  o.s.d.r.c.RepositoryConfigurationDelegate - Finished Spring Data repository scanning in 27 ms. Found 3 JPA repository interfaces.
2025-11-07 09:58:17.865 [restartedMain] INFO  o.s.b.w.e.tomcat.TomcatWebServer - Tomcat initialized with port 8080 (http)
2025-11-07 09:58:17.866 [restartedMain] INFO  o.a.catalina.core.StandardService - Starting service [Tomcat]
2025-11-07 09:58:17.867 [restartedMain] INFO  o.a.catalina.core.StandardEngine - Starting Servlet engine: [Apache Tomcat/10.1.46]
2025-11-07 09:58:18.064 [restartedMain] INFO  o.a.c.c.C.[Tomcat].[localhost].[/] - Initializing Spring embedded WebApplicationContext
2025-11-07 09:58:18.065 [restartedMain] INFO  o.s.b.w.s.c.ServletWebServerApplicationContext - Root WebApplicationContext: initialization completed in 1664 ms
2025-11-07 09:58:18.269 [restartedMain] INFO  o.h.jpa.internal.util.LogHelper - HHH000204: Processing PersistenceUnitInfo [name: default]
2025-11-07 09:58:18.275 [restartedMain] INFO  o.h.c.i.RegionFactoryInitiator - HHH000026: Second-level cache disabled
2025-11-07 09:58:18.295 [restartedMain] INFO  o.s.o.j.p.SpringPersistenceUnitInfo - No LoadTimeWeaver setup: ignoring JPA class transformer
2025-11-07 09:58:18.297 [restartedMain] INFO  com.zaxxer.hikari.HikariDataSource - HikariPool-2 - Starting...
2025-11-07 09:58:18.321 [restartedMain] INFO  com.zaxxer.hikari.pool.HikariPool - HikariPool-2 - Added connection com.mysql.cj.jdbc.ConnectionImpl@450bb6c0
2025-11-07 09:58:18.322 [restartedMain] INFO  com.zaxxer.hikari.HikariDataSource - HikariPool-2 - Start completed.
2025-11-07 09:58:18.323 [restartedMain] INFO  o.hibernate.orm.connections.pooling - HHH10001005: Database info:
	Database JDBC URL [Connecting through datasource 'HikariDataSource (HikariPool-2)']
	Database driver: undefined/unknown
	Database version: 8.0.43
	Autocommit mode: undefined/unknown
	Isolation level: undefined/unknown
	Minimum pool size: undefined/unknown
	Maximum pool size: undefined/unknown
2025-11-07 09:58:18.475 [restartedMain] INFO  o.h.e.t.j.p.i.JtaPlatformInitiator - HHH000489: No JTA platform available (set 'hibernate.transaction.jta.platform' to enable JTA platform integration)
2025-11-07 09:58:18.515 [restartedMain] INFO  o.s.o.j.LocalContainerEntityManagerFactoryBean - Initialized JPA EntityManagerFactory for persistence unit 'default'
2025-11-07 09:58:18.741 [restartedMain] INFO  c.s.crud.configure.SecurityConfigure - Initializing BCryptPasswordEncoder as PasswordEncoder.
2025-11-07 09:58:18.743 [restartedMain] INFO  c.s.crud.configure.SecurityConfigure - Setting up AuthenticationManager with DaoAuthenticationProvider...
2025-11-07 09:58:18.744 [restartedMain] INFO  c.s.crud.configure.SecurityConfigure - AuthenticationManager created successfully using CustomUserDetailsService and BCryptPasswordEncoder.
2025-11-07 09:58:19.012 [restartedMain] WARN  o.s.b.a.o.j.JpaBaseConfiguration$JpaWebConfiguration - spring.jpa.open-in-view is enabled by default. Therefore, database queries may be performed during view rendering. Explicitly configure spring.jpa.open-in-view to disable this warning
2025-11-07 09:58:19.029 [restartedMain] INFO  o.s.b.a.w.s.WelcomePageHandlerMapping - Adding welcome page: class path resource [static/index.html]
2025-11-07 09:58:19.360 [restartedMain] INFO  o.s.b.a.e.web.EndpointLinksResolver - Exposing 6 endpoints beneath base path '/actuator'
2025-11-07 09:58:19.428 [restartedMain] INFO  o.s.s.c.a.a.c.InitializeUserDetailsBeanManagerConfigurer$InitializeUserDetailsManagerConfigurer - Global AuthenticationManager configured with UserDetailsService bean with name customUserDetailsService
2025-11-07 09:58:19.435 [restartedMain] INFO  c.s.crud.configure.SecurityConfigure - Initializing SecurityFilterChain configuration...
2025-11-07 09:58:19.445 [restartedMain] WARN  o.s.s.c.a.w.c.AuthorizeHttpRequestsConfigurer$AuthorizationManagerRequestMatcherRegistry - One of the patterns in [api/validateotp, api/signup, /authenticate, /auth/login] is missing a leading slash. This is discouraged; please include the leading slash in all your request matcher patterns. In future versions of Spring Security, leaving out the leading slash will result in an exception.
2025-11-07 09:58:19.458 [restartedMain] INFO  c.s.crud.configure.SecurityConfigure - SecurityFilterChain setup complete. JWT authentication is active and stateless mode is enabled.
2025-11-07 09:58:19.687 [restartedMain] INFO  o.s.b.d.a.OptionalLiveReloadServer - LiveReload server is running on port 35729
2025-11-07 09:58:19.728 [restartedMain] INFO  o.s.b.w.e.tomcat.TomcatWebServer - Tomcat started on port 8080 (http) with context path '/'
2025-11-07 09:58:19.743 [restartedMain] INFO  com.softsuave.crud.CrudApplication - Started CrudApplication in 3.651 seconds (process running for 200.058)
2025-11-07 09:58:19.749 [restartedMain] INFO  o.s.b.d.a.ConditionEvaluationDeltaLoggingListener - Condition evaluation unchanged
2025-11-07 09:58:22.680 [http-nio-8080-exec-1] INFO  o.a.c.c.C.[Tomcat].[localhost].[/] - Initializing Spring DispatcherServlet 'dispatcherServlet'
2025-11-07 09:58:22.681 [http-nio-8080-exec-1] INFO  o.s.web.servlet.DispatcherServlet - Initializing Servlet 'dispatcherServlet'
2025-11-07 09:58:22.682 [http-nio-8080-exec-1] INFO  o.s.web.servlet.DispatcherServlet - Completed initialization in 1 ms
2025-11-07 09:58:22.693 [http-nio-8080-exec-1] INFO  c.s.crud.filters.JwtAuthFilter - Extracted username 'chaithucheepati' from JWT token.
2025-11-07 09:58:22.752 [http-nio-8080-exec-1] INFO  c.s.crud.filters.JwtAuthFilter - JWT token for user 'chaithucheepati' is valid. Setting authentication context.
2025-11-07 09:58:26.463 [http-nio-8080-exec-3] INFO  c.s.crud.filters.JwtAuthFilter - Extracted username 'chaithucheepati' from JWT token.
2025-11-07 09:58:26.470 [http-nio-8080-exec-3] INFO  c.s.crud.filters.JwtAuthFilter - JWT token for user 'chaithucheepati' is valid. Setting authentication context.
2025-11-07 09:58:30.398 [File Watcher] INFO  o.s.b.d.a.LocalDevToolsAutoConfiguration$RestartingClassPathChangeChangedEventListener - Restarting due to 1 class path change (1 addition, 0 deletions, 0 modifications)
2025-11-07 09:58:30.400 [Thread-7] INFO  o.s.b.w.e.tomcat.GracefulShutdown - Commencing graceful shutdown. Waiting for active requests to complete
2025-11-07 09:58:30.550 [tomcat-shutdown] INFO  o.s.b.w.e.tomcat.GracefulShutdown - Graceful shutdown complete
2025-11-07 09:58:30.556 [Thread-7] INFO  o.s.o.j.LocalContainerEntityManagerFactoryBean - Closing JPA EntityManagerFactory for persistence unit 'default'
2025-11-07 09:58:30.557 [Thread-7] INFO  com.zaxxer.hikari.HikariDataSource - HikariPool-2 - Shutdown initiated...
2025-11-07 09:58:30.567 [Thread-7] INFO  com.zaxxer.hikari.HikariDataSource - HikariPool-2 - Shutdown completed.
2025-11-07 09:58:30.716 [restartedMain] INFO  com.softsuave.crud.CrudApplication - Starting CrudApplication using Java 17.0.16 with PID 23460 (C:\Users\softsuave\OneDrive\Desktop\crud\target\classes started by softsuave in C:\Users\softsuave\OneDrive\Desktop\crud)
2025-11-07 09:58:30.717 [restartedMain] INFO  com.softsuave.crud.CrudApplication - No active profile set, falling back to 1 default profile: "default"
2025-11-07 09:58:31.367 [restartedMain] INFO  o.s.d.r.c.RepositoryConfigurationDelegate - Bootstrapping Spring Data JPA repositories in DEFAULT mode.
2025-11-07 09:58:31.414 [restartedMain] INFO  o.s.d.r.c.RepositoryConfigurationDelegate - Finished Spring Data repository scanning in 44 ms. Found 3 JPA repository interfaces.
2025-11-07 09:58:31.535 [restartedMain] INFO  o.s.b.w.e.tomcat.TomcatWebServer - Tomcat initialized with port 8080 (http)
2025-11-07 09:58:31.536 [restartedMain] INFO  o.a.catalina.core.StandardService - Starting service [Tomcat]
2025-11-07 09:58:31.537 [restartedMain] INFO  o.a.catalina.core.StandardEngine - Starting Servlet engine: [Apache Tomcat/10.1.46]
2025-11-07 09:58:31.558 [restartedMain] INFO  o.a.c.c.C.[Tomcat].[localhost].[/] - Initializing Spring embedded WebApplicationContext
2025-11-07 09:58:31.558 [restartedMain] INFO  o.s.b.w.s.c.ServletWebServerApplicationContext - Root WebApplicationContext: initialization completed in 838 ms
2025-11-07 09:58:31.652 [restartedMain] INFO  o.h.jpa.internal.util.LogHelper - HHH000204: Processing PersistenceUnitInfo [name: default]
2025-11-07 09:58:31.659 [restartedMain] INFO  o.h.c.i.RegionFactoryInitiator - HHH000026: Second-level cache disabled
2025-11-07 09:58:31.670 [restartedMain] INFO  o.s.o.j.p.SpringPersistenceUnitInfo - No LoadTimeWeaver setup: ignoring JPA class transformer
2025-11-07 09:58:31.673 [restartedMain] INFO  com.zaxxer.hikari.HikariDataSource - HikariPool-3 - Starting...
2025-11-07 09:58:31.686 [restartedMain] INFO  com.zaxxer.hikari.pool.HikariPool - HikariPool-3 - Added connection com.mysql.cj.jdbc.ConnectionImpl@38f76aff
2025-11-07 09:58:31.687 [restartedMain] INFO  com.zaxxer.hikari.HikariDataSource - HikariPool-3 - Start completed.
2025-11-07 09:58:31.689 [restartedMain] INFO  o.hibernate.orm.connections.pooling - HHH10001005: Database info:
	Database JDBC URL [Connecting through datasource 'HikariDataSource (HikariPool-3)']
	Database driver: undefined/unknown
	Database version: 8.0.43
	Autocommit mode: undefined/unknown
	Isolation level: undefined/unknown
	Minimum pool size: undefined/unknown
	Maximum pool size: undefined/unknown
2025-11-07 09:58:31.791 [restartedMain] INFO  o.h.e.t.j.p.i.JtaPlatformInitiator - HHH000489: No JTA platform available (set 'hibernate.transaction.jta.platform' to enable JTA platform integration)
2025-11-07 09:58:31.808 [restartedMain] INFO  o.s.o.j.LocalContainerEntityManagerFactoryBean - Initialized JPA EntityManagerFactory for persistence unit 'default'
2025-11-07 09:58:31.969 [restartedMain] INFO  c.s.crud.configure.SecurityConfigure - Initializing BCryptPasswordEncoder as PasswordEncoder.
2025-11-07 09:58:31.971 [restartedMain] INFO  c.s.crud.configure.SecurityConfigure - Setting up AuthenticationManager with DaoAuthenticationProvider...
2025-11-07 09:58:31.974 [restartedMain] INFO  c.s.crud.configure.SecurityConfigure - AuthenticationManager created successfully using CustomUserDetailsService and BCryptPasswordEncoder.
2025-11-07 09:58:32.069 [restartedMain] WARN  o.s.b.a.o.j.JpaBaseConfiguration$JpaWebConfiguration - spring.jpa.open-in-view is enabled by default. Therefore, database queries may be performed during view rendering. Explicitly configure spring.jpa.open-in-view to disable this warning
2025-11-07 09:58:32.095 [restartedMain] INFO  o.s.b.a.w.s.WelcomePageHandlerMapping - Adding welcome page: class path resource [static/index.html]
2025-11-07 09:58:32.290 [restartedMain] INFO  o.s.b.a.e.web.EndpointLinksResolver - Exposing 6 endpoints beneath base path '/actuator'
2025-11-07 09:58:32.316 [restartedMain] INFO  o.s.s.c.a.a.c.InitializeUserDetailsBeanManagerConfigurer$InitializeUserDetailsManagerConfigurer - Global AuthenticationManager configured with UserDetailsService bean with name customUserDetailsService
2025-11-07 09:58:32.319 [restartedMain] INFO  c.s.crud.configure.SecurityConfigure - Initializing SecurityFilterChain configuration...
2025-11-07 09:58:32.324 [restartedMain] WARN  o.s.s.c.a.w.c.AuthorizeHttpRequestsConfigurer$AuthorizationManagerRequestMatcherRegistry - One of the patterns in [api/validateotp, api/signup, /authenticate, /auth/login] is missing a leading slash. This is discouraged; please include the leading slash in all your request matcher patterns. In future versions of Spring Security, leaving out the leading slash will result in an exception.
2025-11-07 09:58:32.331 [restartedMain] INFO  c.s.crud.configure.SecurityConfigure - SecurityFilterChain setup complete. JWT authentication is active and stateless mode is enabled.
2025-11-07 09:58:32.549 [restartedMain] INFO  o.s.b.d.a.OptionalLiveReloadServer - LiveReload server is running on port 35729
2025-11-07 09:58:32.590 [restartedMain] INFO  o.s.b.w.e.tomcat.TomcatWebServer - Tomcat started on port 8080 (http) with context path '/'
2025-11-07 09:58:32.606 [SpringApplicationShutdownHook] INFO  o.s.b.w.e.tomcat.GracefulShutdown - Commencing graceful shutdown. Waiting for active requests to complete
2025-11-07 09:58:32.607 [restartedMain] INFO  com.softsuave.crud.CrudApplication - Started CrudApplication in 1.965 seconds (process running for 212.922)
2025-11-07 09:58:32.610 [restartedMain] INFO  o.s.b.d.a.ConditionEvaluationDeltaLoggingListener - Condition evaluation unchanged
2025-11-07 09:58:32.714 [tomcat-shutdown] INFO  o.s.b.w.e.tomcat.GracefulShutdown - Graceful shutdown complete
2025-11-07 09:58:32.716 [SpringApplicationShutdownHook] INFO  o.s.o.j.LocalContainerEntityManagerFactoryBean - Closing JPA EntityManagerFactory for persistence unit 'default'
2025-11-07 09:58:32.717 [SpringApplicationShutdownHook] INFO  com.zaxxer.hikari.HikariDataSource - HikariPool-3 - Shutdown initiated...
2025-11-07 09:58:32.724 [SpringApplicationShutdownHook] INFO  com.zaxxer.hikari.HikariDataSource - HikariPool-3 - Shutdown completed.
2025-11-07 09:58:38.775 [restartedMain] INFO  com.softsuave.crud.CrudApplication - Starting CrudApplication using Java 17.0.16 with PID 12724 (C:\Users\softsuave\OneDrive\Desktop\crud\target\classes started by softsuave in C:\Users\softsuave\OneDrive\Desktop\crud)
2025-11-07 09:58:38.779 [restartedMain] INFO  com.softsuave.crud.CrudApplication - No active profile set, falling back to 1 default profile: "default"
2025-11-07 09:58:38.887 [restartedMain] INFO  o.s.b.d.e.DevToolsPropertyDefaultsPostProcessor - Devtools property defaults active! Set 'spring.devtools.add-properties' to 'false' to disable
2025-11-07 09:58:38.890 [restartedMain] INFO  o.s.b.d.e.DevToolsPropertyDefaultsPostProcessor - For additional web related logging consider setting the 'logging.level.web' property to 'DEBUG'
2025-11-07 09:58:41.809 [restartedMain] INFO  o.s.d.r.c.RepositoryConfigurationDelegate - Bootstrapping Spring Data JPA repositories in DEFAULT mode.
2025-11-07 09:58:41.903 [restartedMain] INFO  o.s.d.r.c.RepositoryConfigurationDelegate - Finished Spring Data repository scanning in 80 ms. Found 3 JPA repository interfaces.
2025-11-07 09:58:43.247 [restartedMain] INFO  o.s.b.w.e.tomcat.TomcatWebServer - Tomcat initialized with port 8080 (http)
2025-11-07 09:58:43.270 [restartedMain] INFO  o.a.catalina.core.StandardService - Starting service [Tomcat]
2025-11-07 09:58:43.273 [restartedMain] INFO  o.a.catalina.core.StandardEngine - Starting Servlet engine: [Apache Tomcat/10.1.46]
2025-11-07 09:58:43.370 [restartedMain] INFO  o.a.c.c.C.[Tomcat].[localhost].[/] - Initializing Spring embedded WebApplicationContext
2025-11-07 09:58:43.370 [restartedMain] INFO  o.s.b.w.s.c.ServletWebServerApplicationContext - Root WebApplicationContext: initialization completed in 4479 ms
2025-11-07 09:58:43.794 [restartedMain] INFO  o.h.jpa.internal.util.LogHelper - HHH000204: Processing PersistenceUnitInfo [name: default]
2025-11-07 09:58:44.011 [restartedMain] INFO  org.hibernate.Version - HHH000412: Hibernate ORM core version 6.6.29.Final
2025-11-07 09:58:44.151 [restartedMain] INFO  o.h.c.i.RegionFactoryInitiator - HHH000026: Second-level cache disabled
2025-11-07 09:58:44.863 [restartedMain] INFO  o.s.o.j.p.SpringPersistenceUnitInfo - No LoadTimeWeaver setup: ignoring JPA class transformer
2025-11-07 09:58:44.929 [restartedMain] INFO  com.zaxxer.hikari.HikariDataSource - HikariPool-1 - Starting...
2025-11-07 09:58:45.476 [restartedMain] INFO  com.zaxxer.hikari.pool.HikariPool - HikariPool-1 - Added connection com.mysql.cj.jdbc.ConnectionImpl@42d74405
2025-11-07 09:58:45.480 [restartedMain] INFO  com.zaxxer.hikari.HikariDataSource - HikariPool-1 - Start completed.
2025-11-07 09:58:45.658 [restartedMain] INFO  o.hibernate.orm.connections.pooling - HHH10001005: Database info:
	Database JDBC URL [Connecting through datasource 'HikariDataSource (HikariPool-1)']
	Database driver: undefined/unknown
	Database version: 8.0.43
	Autocommit mode: undefined/unknown
	Isolation level: undefined/unknown
	Minimum pool size: undefined/unknown
	Maximum pool size: undefined/unknown
2025-11-07 09:58:47.486 [restartedMain] INFO  o.h.e.t.j.p.i.JtaPlatformInitiator - HHH000489: No JTA platform available (set 'hibernate.transaction.jta.platform' to enable JTA platform integration)
2025-11-07 09:58:47.582 [restartedMain] INFO  o.s.o.j.LocalContainerEntityManagerFactoryBean - Initialized JPA EntityManagerFactory for persistence unit 'default'
2025-11-07 09:58:48.324 [restartedMain] INFO  c.s.crud.configure.SecurityConfigure - Initializing BCryptPasswordEncoder as PasswordEncoder.
2025-11-07 09:58:48.333 [restartedMain] INFO  c.s.crud.configure.SecurityConfigure - Setting up AuthenticationManager with DaoAuthenticationProvider...
2025-11-07 09:58:48.350 [restartedMain] INFO  c.s.crud.configure.SecurityConfigure - AuthenticationManager created successfully using CustomUserDetailsService and BCryptPasswordEncoder.
2025-11-07 09:58:48.827 [restartedMain] WARN  o.s.b.a.o.j.JpaBaseConfiguration$JpaWebConfiguration - spring.jpa.open-in-view is enabled by default. Therefore, database queries may be performed during view rendering. Explicitly configure spring.jpa.open-in-view to disable this warning
2025-11-07 09:58:48.882 [restartedMain] INFO  o.s.b.a.w.s.WelcomePageHandlerMapping - Adding welcome page: class path resource [static/index.html]
2025-11-07 09:58:49.499 [restartedMain] INFO  o.s.b.a.e.web.EndpointLinksResolver - Exposing 6 endpoints beneath base path '/actuator'
2025-11-07 09:58:49.568 [restartedMain] INFO  o.s.s.c.a.a.c.InitializeUserDetailsBeanManagerConfigurer$InitializeUserDetailsManagerConfigurer - Global AuthenticationManager configured with UserDetailsService bean with name customUserDetailsService
2025-11-07 09:58:49.682 [restartedMain] INFO  c.s.crud.configure.SecurityConfigure - Initializing SecurityFilterChain configuration...
2025-11-07 09:58:49.694 [restartedMain] WARN  o.s.s.c.a.w.c.AuthorizeHttpRequestsConfigurer$AuthorizationManagerRequestMatcherRegistry - One of the patterns in [api/validateotp, api/signup, /authenticate, /auth/login] is missing a leading slash. This is discouraged; please include the leading slash in all your request matcher patterns. In future versions of Spring Security, leaving out the leading slash will result in an exception.
2025-11-07 09:58:49.720 [restartedMain] INFO  c.s.crud.configure.SecurityConfigure - SecurityFilterChain setup complete. JWT authentication is active and stateless mode is enabled.
2025-11-07 09:58:51.227 [restartedMain] INFO  o.s.b.d.a.OptionalLiveReloadServer - LiveReload server is running on port 35729
2025-11-07 09:58:51.490 [restartedMain] INFO  o.s.b.w.e.tomcat.TomcatWebServer - Tomcat started on port 8080 (http) with context path '/'
2025-11-07 09:58:51.531 [restartedMain] INFO  com.softsuave.crud.CrudApplication - Started CrudApplication in 14.017 seconds (process running for 16.064)
2025-11-07 09:59:55.119 [http-nio-8080-exec-2] INFO  o.a.c.c.C.[Tomcat].[localhost].[/] - Initializing Spring DispatcherServlet 'dispatcherServlet'
2025-11-07 09:59:55.120 [http-nio-8080-exec-2] INFO  o.s.web.servlet.DispatcherServlet - Initializing Servlet 'dispatcherServlet'
2025-11-07 09:59:55.125 [http-nio-8080-exec-2] INFO  o.s.web.servlet.DispatcherServlet - Completed initialization in 5 ms
2025-11-07 09:59:55.345 [http-nio-8080-exec-2] INFO  c.s.crud.filters.JwtAuthFilter - Extracted username 'chaithucheepati' from JWT token.
2025-11-07 09:59:55.741 [http-nio-8080-exec-2] INFO  c.s.crud.filters.JwtAuthFilter - JWT token for user 'chaithucheepati' is valid. Setting authentication context.
2025-11-07 10:01:12.225 [http-nio-8080-exec-4] INFO  c.s.crud.filters.JwtAuthFilter - Extracted username 'chaithucheepati' from JWT token.
2025-11-07 10:01:12.237 [http-nio-8080-exec-4] INFO  c.s.crud.filters.JwtAuthFilter - JWT token for user 'chaithucheepati' is valid. Setting authentication context.
2025-11-07 10:24:22.802 [SpringApplicationShutdownHook] INFO  o.s.b.w.e.tomcat.GracefulShutdown - Commencing graceful shutdown. Waiting for active requests to complete
2025-11-07 10:24:22.901 [tomcat-shutdown] INFO  o.s.b.w.e.tomcat.GracefulShutdown - Graceful shutdown complete
2025-11-07 10:24:22.908 [SpringApplicationShutdownHook] INFO  o.s.o.j.LocalContainerEntityManagerFactoryBean - Closing JPA EntityManagerFactory for persistence unit 'default'
2025-11-07 10:24:22.913 [SpringApplicationShutdownHook] INFO  com.zaxxer.hikari.HikariDataSource - HikariPool-1 - Shutdown initiated...
2025-11-07 10:24:22.925 [SpringApplicationShutdownHook] INFO  com.zaxxer.hikari.HikariDataSource - HikariPool-1 - Shutdown completed.
